[2025-07-15 02:12:54] laravel.EMERGENCY: Unable to create configured logger. Using emergency logger. {"exception":"[object] (InvalidArgumentException(code: 0): Log [error] is not defined. at /var/www/vendor/laravel/framework/src/Illuminate/Log/LogManager.php:200)
[stacktrace]
#0 /var/www/vendor/laravel/framework/src/Illuminate/Log/LogManager.php(125): Illuminate\\Log\\LogManager->resolve()
#1 /var/www/vendor/laravel/framework/src/Illuminate/Log/LogManager.php(112): Illuminate\\Log\\LogManager->get()
#2 /var/www/vendor/laravel/framework/src/Illuminate/Log/LogManager.php(101): Illuminate\\Log\\LogManager->driver()
#3 /var/www/vendor/laravel/framework/src/Illuminate/Support/Facades/Facade.php(261): Illuminate\\Log\\LogManager->channel()
#4 /var/www/app/Exceptions/Handler.php(70): Illuminate\\Support\\Facades\\Facade::__callStatic()
#5 /var/www/vendor/nunomaduro/collision/src/Adapters/Laravel/ExceptionHandler.php(46): App\\Exceptions\\Handler->report()
#6 /var/www/vendor/laravel/framework/src/Illuminate/Foundation/Console/Kernel.php(366): NunoMaduro\\Collision\\Adapters\\Laravel\\ExceptionHandler->report()
#7 /var/www/vendor/laravel/framework/src/Illuminate/Foundation/Console/Kernel.php(131): Illuminate\\Foundation\\Console\\Kernel->reportException()
#8 /var/www/artisan(37): Illuminate\\Foundation\\Console\\Kernel->handle()
#9 {main}
"} 
[2025-07-15 02:12:54] laravel.ERROR: SQLSTATE[HY000] [2002] Network is unreachable (SQL: select * from `people` where `status` = 1) - /var/www/vendor/laravel/framework/src/Illuminate/Database/Connection.php - 712  
[2025-07-15 02:27:21] laravel.EMERGENCY: Unable to create configured logger. Using emergency logger. {"exception":"[object] (InvalidArgumentException(code: 0): Log [error] is not defined. at /var/www/vendor/laravel/framework/src/Illuminate/Log/LogManager.php:200)
[stacktrace]
#0 /var/www/vendor/laravel/framework/src/Illuminate/Log/LogManager.php(125): Illuminate\\Log\\LogManager->resolve()
#1 /var/www/vendor/laravel/framework/src/Illuminate/Log/LogManager.php(112): Illuminate\\Log\\LogManager->get()
#2 /var/www/vendor/laravel/framework/src/Illuminate/Log/LogManager.php(101): Illuminate\\Log\\LogManager->driver()
#3 /var/www/vendor/laravel/framework/src/Illuminate/Support/Facades/Facade.php(261): Illuminate\\Log\\LogManager->channel()
#4 /var/www/app/Exceptions/Handler.php(70): Illuminate\\Support\\Facades\\Facade::__callStatic()
#5 /var/www/vendor/nunomaduro/collision/src/Adapters/Laravel/ExceptionHandler.php(46): App\\Exceptions\\Handler->report()
#6 /var/www/vendor/laravel/framework/src/Illuminate/Foundation/Console/Kernel.php(366): NunoMaduro\\Collision\\Adapters\\Laravel\\ExceptionHandler->report()
#7 /var/www/vendor/laravel/framework/src/Illuminate/Foundation/Console/Kernel.php(131): Illuminate\\Foundation\\Console\\Kernel->reportException()
#8 /var/www/artisan(37): Illuminate\\Foundation\\Console\\Kernel->handle()
#9 {main}
"} 
[2025-07-15 02:27:21] laravel.ERROR: SQLSTATE[HY000] [1045] Access denied for user 'root'@'172.23.0.1' (using password: NO) (SQL: select * from `people` where `status` = 1) - /var/www/vendor/laravel/framework/src/Illuminate/Database/Connection.php - 712  
[2025-07-15 02:28:03] laravel.EMERGENCY: Unable to create configured logger. Using emergency logger. {"exception":"[object] (InvalidArgumentException(code: 0): Log [error] is not defined. at /var/www/vendor/laravel/framework/src/Illuminate/Log/LogManager.php:200)
[stacktrace]
#0 /var/www/vendor/laravel/framework/src/Illuminate/Log/LogManager.php(125): Illuminate\\Log\\LogManager->resolve()
#1 /var/www/vendor/laravel/framework/src/Illuminate/Log/LogManager.php(112): Illuminate\\Log\\LogManager->get()
#2 /var/www/vendor/laravel/framework/src/Illuminate/Log/LogManager.php(101): Illuminate\\Log\\LogManager->driver()
#3 /var/www/vendor/laravel/framework/src/Illuminate/Support/Facades/Facade.php(261): Illuminate\\Log\\LogManager->channel()
#4 /var/www/app/Exceptions/Handler.php(70): Illuminate\\Support\\Facades\\Facade::__callStatic()
#5 /var/www/vendor/nunomaduro/collision/src/Adapters/Laravel/ExceptionHandler.php(46): App\\Exceptions\\Handler->report()
#6 /var/www/vendor/laravel/framework/src/Illuminate/Foundation/Console/Kernel.php(366): NunoMaduro\\Collision\\Adapters\\Laravel\\ExceptionHandler->report()
#7 /var/www/vendor/laravel/framework/src/Illuminate/Foundation/Console/Kernel.php(131): Illuminate\\Foundation\\Console\\Kernel->reportException()
#8 /var/www/artisan(37): Illuminate\\Foundation\\Console\\Kernel->handle()
#9 {main}
"} 
[2025-07-15 02:28:03] laravel.ERROR: SQLSTATE[HY000] [1045] Access denied for user 'root'@'172.23.0.1' (using password: NO) (SQL: select * from `people` where `status` = 1) - /var/www/vendor/laravel/framework/src/Illuminate/Database/Connection.php - 712  
[2025-07-15 03:06:07] laravel.EMERGENCY: Unable to create configured logger. Using emergency logger. {"exception":"[object] (InvalidArgumentException(code: 0): Log [error] is not defined. at /var/www/vendor/laravel/framework/src/Illuminate/Log/LogManager.php:200)
[stacktrace]
#0 /var/www/vendor/laravel/framework/src/Illuminate/Log/LogManager.php(125): Illuminate\\Log\\LogManager->resolve()
#1 /var/www/vendor/laravel/framework/src/Illuminate/Log/LogManager.php(112): Illuminate\\Log\\LogManager->get()
#2 /var/www/vendor/laravel/framework/src/Illuminate/Log/LogManager.php(101): Illuminate\\Log\\LogManager->driver()
#3 /var/www/vendor/laravel/framework/src/Illuminate/Support/Facades/Facade.php(261): Illuminate\\Log\\LogManager->channel()
#4 /var/www/app/Exceptions/Handler.php(70): Illuminate\\Support\\Facades\\Facade::__callStatic()
#5 /var/www/vendor/nunomaduro/collision/src/Adapters/Laravel/ExceptionHandler.php(46): App\\Exceptions\\Handler->report()
#6 /var/www/vendor/laravel/framework/src/Illuminate/Foundation/Console/Kernel.php(366): NunoMaduro\\Collision\\Adapters\\Laravel\\ExceptionHandler->report()
#7 /var/www/vendor/laravel/framework/src/Illuminate/Foundation/Console/Kernel.php(131): Illuminate\\Foundation\\Console\\Kernel->reportException()
#8 /var/www/artisan(37): Illuminate\\Foundation\\Console\\Kernel->handle()
#9 {main}
"} 
[2025-07-15 03:06:07] laravel.ERROR: SQLSTATE[HY000] [1045] Access denied for user 'yst_user'@'172.23.0.2' (using password: YES) (SQL: select * from `people` where `status` = 1) - /var/www/vendor/laravel/framework/src/Illuminate/Database/Connection.php - 712  
